d:\development\c++\applications\dbdc\dbdc\x64\release\vc143.pdb
d:\development\c++\applications\dbdc\dbdc\x64\release\misc.obj
d:\development\c++\applications\dbdc\dbdc\x64\release\menu.obj
d:\development\c++\applications\dbdc\dbdc\x64\release\hcmenu.obj
d:\development\c++\applications\dbdc\dbdc\x64\release\gui.obj
d:\development\c++\applications\dbdc\dbdc\x64\release\cemenu.obj
d:\development\c++\applications\dbdc\dbdc\x64\release\main.obj
d:\development\c++\applications\dbdc\dbdc\x64\release\imgui_widgets.obj
d:\development\c++\applications\dbdc\dbdc\x64\release\imgui_tables.obj
d:\development\c++\applications\dbdc\dbdc\x64\release\imgui_impl_opengl3.obj
d:\development\c++\applications\dbdc\dbdc\x64\release\imgui_impl_glfw.obj
d:\development\c++\applications\dbdc\dbdc\x64\release\imgui_draw.obj
d:\development\c++\applications\dbdc\dbdc\x64\release\imgui_demo.obj
d:\development\c++\applications\dbdc\dbdc\x64\release\imgui.obj
d:\development\c++\applications\dbdc\dbdc\x64\release\images.obj
d:\development\c++\applications\dbdc\dbdc\x64\release\config.obj
d:\development\c++\applications\dbdc\dbdc\x64\release\backend.obj
d:\development\c++\applications\dbdc\x64\release\dbdc.exe
d:\development\c++\applications\dbdc\dbdc\x64\release\dbdc.ipdb
d:\development\c++\applications\dbdc\x64\release\dbdc.pdb
d:\development\c++\applications\dbdc\dbdc\x64\release\dbdc.iobj
d:\development\c++\applications\dbdc\dbdc\x64\release\dbdc.tlog\cl.command.1.tlog
d:\development\c++\applications\dbdc\dbdc\x64\release\dbdc.tlog\cl.read.1.tlog
d:\development\c++\applications\dbdc\dbdc\x64\release\dbdc.tlog\cl.write.1.tlog
d:\development\c++\applications\dbdc\dbdc\x64\release\dbdc.tlog\link.command.1.tlog
d:\development\c++\applications\dbdc\dbdc\x64\release\dbdc.tlog\link.read.1.tlog
d:\development\c++\applications\dbdc\dbdc\x64\release\dbdc.tlog\link.write.1.tlog
